Arguments: 
  /snap/node/2710/bin/node /snap/node/2710/bin/yarn.js config get registry

PATH: 
  /home/carlos/.npm/_npx/29019/bin:/home/carlos/node_modules/.bin:/home/carlos/.local/bin:/usr/local/sbin:/usr/local/bin:/usr/sbin:/usr/bin:/sbin:/bin:/usr/games:/usr/local/games:/snap/bin:~/flutter/bin:/usr/lib/dart/bin:~/flutter/bin:/snap/bin

Yarn version: 
  1.22.4

Node version: 
  14.2.0

Platform: 
  linux x64

Trace: 
  Error: EACCES: permission denied, write
      at writeSync (fs.js:694:3)
      at SyncWriteStream._write (internal/fs/sync_write_stream.js:24:3)
      at writeOrBuffer (_stream_writable.js:353:12)
      at SyncWriteStream.Writable.write (_stream_writable.js:303:12)
      at ConsoleReporter._log (/snap/node/2710/lib/cli.js:96769:17)
      at ConsoleReporter.log (/snap/node/2710/lib/cli.js:96757:10)
      at get (/snap/node/2710/lib/cli.js:87535:14)
      at Object.<anonymous> (/snap/node/2710/lib/cli.js:25940:25)
      at Generator.next (<anonymous>)
      at step (/snap/node/2710/lib/cli.js:310:30)

npm manifest: 
  {
    "name": "frontend",
    "version": "0.1.0",
    "private": true
  }

yarn manifest: 
  No manifest

Lockfile: 
  No lockfile
